android/example_app/nnstreamer-ssd/build/intermediates/manifest_merge_blame_file/debug/manifest-merger-blame-debug-report.txt
1<?xml version="1.0" encoding="utf-8"?>
2<manifest xmlns:android="http://schemas.android.com/apk/res/android"
3    package="org.freedesktop.gstreamer.nnstreamer.ssd"
4    android:versionCode="1"
5    android:versionName="1.0" >
6
7    <uses-sdk
8        android:minSdkVersion="24"
8-->example_app/nnstreamer-ssd/AndroidManifest.xml
9        android:targetSdkVersion="26" />
9-->example_app/nnstreamer-ssd/AndroidManifest.xml
10
11    <uses-feature android:glEsVersion="0x00020000" />
11-->example_app/nnstreamer-ssd/AndroidManifest.xml:8:5-54
11-->example_app/nnstreamer-ssd/AndroidManifest.xml:8:19-51
12    <uses-feature
12-->example_app/nnstreamer-ssd/AndroidManifest.xml:9:5-11:36
13        android:name="android.hardware.camera"
13-->example_app/nnstreamer-ssd/AndroidManifest.xml:10:9-47
14        android:required="false" />
14-->example_app/nnstreamer-ssd/AndroidManifest.xml:11:9-33
15
16    <uses-permission android:name="android.permission.CAMERA" />
16-->example_app/nnstreamer-ssd/AndroidManifest.xml:13:5-65
16-->example_app/nnstreamer-ssd/AndroidManifest.xml:13:22-62
17    <uses-permission android:name="android.permission.INTERNET" />
17-->example_app/nnstreamer-ssd/AndroidManifest.xml:14:5-67
17-->example_app/nnstreamer-ssd/AndroidManifest.xml:14:22-64
18    <uses-permission android:name="android.permission.READ_EXTERNAL_STORAGE" />
18-->example_app/nnstreamer-ssd/AndroidManifest.xml:15:5-80
18-->example_app/nnstreamer-ssd/AndroidManifest.xml:15:22-77
19    <uses-permission android:name="android.permission.WRITE_EXTERNAL_STORAGE" />
19-->example_app/nnstreamer-ssd/AndroidManifest.xml:16:5-81
19-->example_app/nnstreamer-ssd/AndroidManifest.xml:16:22-78
20    <uses-permission android:name="android.permission.WAKE_LOCK" />
20-->example_app/nnstreamer-ssd/AndroidManifest.xml:17:5-68
20-->example_app/nnstreamer-ssd/AndroidManifest.xml:17:22-65
21
22    <application
22-->example_app/nnstreamer-ssd/AndroidManifest.xml:19:5-39:19
23        android:appComponentFactory="android.support.v4.app.CoreComponentFactory"
23-->[com.android.support:support-compat:28.0.0] AndroidManifest.xml:22:18-91
24        android:debuggable="true"
25        android:extractNativeLibs="false"
26        android:hardwareAccelerated="true"
26-->example_app/nnstreamer-ssd/AndroidManifest.xml:20:9-43
27        android:icon="@drawable/nnsuite_logo"
27-->example_app/nnstreamer-ssd/AndroidManifest.xml:21:9-46
28        android:label="@string/app_name"
28-->example_app/nnstreamer-ssd/AndroidManifest.xml:22:9-41
29        android:networkSecurityConfig="@xml/network_security_config"
29-->example_app/nnstreamer-ssd/AndroidManifest.xml:23:9-69
30        android:testOnly="true"
31        android:theme="@android:style/Theme.NoTitleBar.Fullscreen" >
31-->example_app/nnstreamer-ssd/AndroidManifest.xml:24:9-67
32        <activity android:name="org.freedesktop.gstreamer.nnstreamer.PreviewActivity" />
32-->example_app/nnstreamer-ssd/AndroidManifest.xml:26:9-62
32-->example_app/nnstreamer-ssd/AndroidManifest.xml:26:19-50
33        <activity android:name="org.freedesktop.gstreamer.nnstreamer.SettingActivity" />
33-->example_app/nnstreamer-ssd/AndroidManifest.xml:27:9-53
33-->example_app/nnstreamer-ssd/AndroidManifest.xml:27:19-50
34        <activity android:name="org.freedesktop.gstreamer.nnstreamer.LoadingActivity" />
34-->example_app/nnstreamer-ssd/AndroidManifest.xml:28:9-53
34-->example_app/nnstreamer-ssd/AndroidManifest.xml:28:19-50
35        <activity
35-->example_app/nnstreamer-ssd/AndroidManifest.xml:29:9-38:20
36            android:name="org.freedesktop.gstreamer.nnstreamer.NNStreamerActivity"
36-->example_app/nnstreamer-ssd/AndroidManifest.xml:30:13-47
37            android:label="@string/app_name"
37-->example_app/nnstreamer-ssd/AndroidManifest.xml:31:13-45
38            android:screenOrientation="portrait" >
38-->example_app/nnstreamer-ssd/AndroidManifest.xml:32:13-49
39            <intent-filter>
39-->example_app/nnstreamer-ssd/AndroidManifest.xml:33:13-37:29
40                <action android:name="android.intent.action.MAIN" />
40-->example_app/nnstreamer-ssd/AndroidManifest.xml:34:17-69
40-->example_app/nnstreamer-ssd/AndroidManifest.xml:34:25-66
41
42                <category android:name="android.intent.category.LAUNCHER" />
42-->example_app/nnstreamer-ssd/AndroidManifest.xml:36:17-77
42-->example_app/nnstreamer-ssd/AndroidManifest.xml:36:27-74
43            </intent-filter>
44        </activity>
45    </application>
46
47</manifest>